2025-05-23 16:04:56,491 - FarmTech - INFO - Portas disponíveis: ['COM1']
2025-05-23 16:04:56,506 - FarmTech - ERROR - Erro ao carregar últimas leituras: no such table: LeituraSensor
2025-05-23 16:04:57,786 - FarmTech - INFO - Dados meteorológicos atualizados: Temp=27.32°C, Humid_Ar=36%, Chuva=Sem previsão
2025-05-23 16:05:09,059 - FarmTech - INFO - Executando consulta para mostrar leituras...
2025-05-23 16:05:09,059 - FarmTech - ERROR - Erro ao mostrar leituras: no such table: LeituraSensor
2025-05-23 16:05:14,290 - FarmTech - ERROR - Erro ao mostrar áreas: no such table: AreaPlantio
2025-05-23 16:05:16,939 - FarmTech - ERROR - Erro ao mostrar ajustes: no such table: AjusteRecurso
2025-05-23 16:05:34,776 - FarmTech - INFO - Portas disponíveis: ['COM1']
2025-05-23 16:05:34,791 - FarmTech - ERROR - Erro ao carregar últimas leituras: no such table: LeituraSensor
2025-05-23 16:05:36,080 - FarmTech - INFO - Dados meteorológicos atualizados: Temp=27.32°C, Humid_Ar=36%, Chuva=Sem previsão
2025-05-23 16:05:38,376 - FarmTech - INFO - Portas disponíveis: ['COM1']
2025-05-23 16:05:38,397 - FarmTech - ERROR - Erro ao carregar últimas leituras: no such table: LeituraSensor
2025-05-23 16:05:39,677 - FarmTech - INFO - Dados meteorológicos atualizados: Temp=27.32°C, Humid_Ar=36%, Chuva=Sem previsão
2025-05-23 16:05:42,096 - FarmTech - ERROR - Erro ao mostrar ajustes: no such table: AjusteRecurso
2025-05-23 16:06:02,323 - FarmTech - INFO - Portas disponíveis: ['COM1']
2025-05-23 16:06:02,337 - FarmTech - ERROR - Erro ao carregar últimas leituras: no such table: LeituraSensor
2025-05-23 16:06:03,619 - FarmTech - INFO - Dados meteorológicos atualizados: Temp=27.32°C, Humid_Ar=36%, Chuva=Sem previsão
2025-05-23 16:06:03,876 - FarmTech - INFO - Conectado à porta COM1 com sucesso
2025-05-23 16:06:06,184 - FarmTech - INFO - Comando enviado: PUMP_OFF
2025-05-23 16:06:06,859 - FarmTech - INFO - Comando enviado: PUMP_OFF
2025-05-23 16:06:08,000 - FarmTech - ERROR - Erro ao mostrar ajustes: no such table: AjusteRecurso
2025-05-23 16:06:50,184 - FarmTech - INFO - Portas disponíveis: ['COM1']
2025-05-23 16:06:50,208 - FarmTech - ERROR - Erro ao carregar últimas leituras: no such table: LeituraSensor
2025-05-23 16:06:51,490 - FarmTech - INFO - Dados meteorológicos atualizados: Temp=27.32°C, Humid_Ar=36%, Chuva=Sem previsão
2025-05-23 16:06:52,064 - FarmTech - INFO - Conectado à porta COM1 com sucesso
2025-05-23 16:06:53,781 - FarmTech - INFO - Comando enviado: PUMP_OFF
2025-05-23 16:06:54,268 - FarmTech - INFO - Comando enviado: PUMP_OFF
2025-05-23 16:06:55,304 - FarmTech - ERROR - Erro ao mostrar ajustes: no such table: AjusteRecurso
2025-05-23 16:08:15,927 - FarmTech - INFO - Portas disponíveis: ['COM1']
2025-05-23 16:08:15,949 - FarmTech - ERROR - Erro ao carregar últimas leituras: no such table: LeituraSensor
2025-05-23 16:08:17,422 - FarmTech - INFO - Dados meteorológicos atualizados: Temp=27.32°C, Humid_Ar=36%, Chuva=Sem previsão
2025-05-23 16:08:21,202 - FarmTech - INFO - Conectado à porta COM1 com sucesso
2025-05-23 16:08:23,220 - FarmTech - INFO - Comando enviado: PUMP_ON
2025-05-23 16:08:23,627 - FarmTech - INFO - Comando enviado: PUMP_OFF
2025-05-23 16:08:24,395 - FarmTech - ERROR - Erro ao mostrar ajustes: no such table: AjusteRecurso
2025-05-23 16:09:41,822 - FarmTech - INFO - Portas disponíveis: ['COM1']
2025-05-23 16:09:41,839 - FarmTech - ERROR - Erro ao carregar últimas leituras: no such table: LeituraSensor
2025-05-23 16:09:43,814 - FarmTech - INFO - Dados meteorológicos atualizados: Temp=27.32°C, Humid_Ar=36%, Chuva=Sem previsão
2025-05-23 16:09:43,962 - FarmTech - INFO - Conectado à porta COM1 com sucesso
2025-05-23 16:09:45,961 - FarmTech - INFO - Comando enviado: PUMP_OFF
2025-05-23 16:09:46,442 - FarmTech - INFO - Comando enviado: PUMP_OFF
2025-05-23 16:09:46,823 - FarmTech - INFO - Comando enviado: PUMP_ON
2025-05-23 16:09:46,964 - FarmTech - INFO - Comando enviado: PUMP_OFF
2025-05-23 16:09:47,636 - FarmTech - ERROR - Erro ao mostrar ajustes: no such table: AjusteRecurso
2025-05-23 16:11:52,188 - FarmTech - INFO - Portas disponíveis: ['COM1']
2025-05-23 16:11:52,203 - FarmTech - ERROR - Erro ao carregar últimas leituras: no such table: LeituraSensor
2025-05-23 16:11:53,492 - FarmTech - INFO - Dados meteorológicos atualizados: Temp=27.32°C, Humid_Ar=36%, Chuva=Sem previsão
2025-05-23 16:11:58,108 - FarmTech - ERROR - Erro ao mostrar ajustes: no such table: AjusteRecurso
2025-05-23 16:14:25,315 - FarmTech - INFO - Portas disponíveis: ['COM1']
2025-05-23 16:14:25,340 - FarmTech - ERROR - Erro ao carregar últimas leituras: no such table: LeituraSensor
2025-05-23 16:14:26,953 - FarmTech - INFO - Dados meteorológicos atualizados: Temp=27.32°C, Humid_Ar=36%, Chuva=Sem previsão
2025-05-23 16:14:32,389 - FarmTech - ERROR - Erro ao recriar banco de dados: [WinError 32] O arquivo já está sendo usado por outro processo: 'farmtech_db.sqlite'
2025-05-23 16:15:13,269 - FarmTech - INFO - Portas disponíveis: ['COM1']
2025-05-23 16:15:13,285 - FarmTech - ERROR - Erro ao carregar últimas leituras: no such table: LeituraSensor
2025-05-23 16:15:14,575 - FarmTech - INFO - Dados meteorológicos atualizados: Temp=27.32°C, Humid_Ar=36%, Chuva=Sem previsão
2025-05-23 16:15:17,131 - FarmTech - INFO - Conectado à porta COM1 com sucesso
2025-05-23 16:15:19,816 - FarmTech - INFO - Comando enviado: PUMP_OFF
2025-05-23 16:15:20,286 - FarmTech - INFO - Comando enviado: PUMP_OFF
2025-05-23 16:15:20,800 - FarmTech - INFO - Comando enviado: PUMP_OFF
2025-05-23 16:15:21,505 - FarmTech - ERROR - Erro ao mostrar ajustes: no such table: AjusteRecurso
2025-05-23 16:17:27,460 - FarmTech - INFO - Portas disponíveis: ['COM1']
2025-05-23 16:17:27,477 - FarmTech - ERROR - Erro ao carregar últimas leituras: no such table: LeituraSensor
2025-05-23 16:17:28,926 - FarmTech - INFO - Dados meteorológicos atualizados: Temp=27.32°C, Humid_Ar=36%, Chuva=Sem previsão
2025-05-23 16:17:34,031 - FarmTech - ERROR - Erro ao mostrar sensores: no such table: Sensor
2025-05-23 16:18:53,169 - FarmTech - INFO - Portas disponíveis: ['COM1']
2025-05-23 16:18:53,190 - FarmTech - ERROR - Erro ao carregar últimas leituras: no such table: LeituraSensor
2025-05-23 16:18:54,486 - FarmTech - INFO - Dados meteorológicos atualizados: Temp=26.8°C, Humid_Ar=32%, Chuva=Sem previsão
2025-05-23 16:18:56,164 - FarmTech - ERROR - Erro ao mostrar ajustes: no such table: AjusteRecurso
2025-05-23 16:35:18,940 - FarmTech - INFO - Portas disponíveis: ['COM1']
2025-05-23 16:35:18,955 - FarmTech - ERROR - Erro ao carregar últimas leituras: no such table: LeituraSensor
2025-05-23 16:35:20,293 - FarmTech - INFO - Dados meteorológicos atualizados: Temp=27.32°C, Humid_Ar=41%, Chuva=Sem previsão
2025-05-23 16:35:22,577 - FarmTech - ERROR - Erro ao mostrar ajustes: no such table: AjusteRecurso
2025-05-23 16:35:29,926 - FarmTech - INFO - Portas disponíveis: ['COM1']
2025-05-23 16:35:29,942 - FarmTech - ERROR - Erro ao carregar últimas leituras: no such table: LeituraSensor
2025-05-23 16:35:31,230 - FarmTech - INFO - Dados meteorológicos atualizados: Temp=27.32°C, Humid_Ar=41%, Chuva=Sem previsão
2025-05-23 16:35:41,231 - FarmTech - ERROR - Erro ao mostrar ajustes: no such table: AjusteRecurso
2025-05-23 16:37:10,232 - FarmTech - INFO - Portas disponíveis: ['COM1']
2025-05-23 16:37:10,251 - FarmTech - ERROR - Erro ao carregar últimas leituras: no such table: LeituraSensor
2025-05-23 16:37:11,562 - FarmTech - INFO - Dados meteorológicos atualizados: Temp=27.32°C, Humid_Ar=41%, Chuva=Sem previsão
2025-05-23 16:37:15,794 - FarmTech - ERROR - Erro ao mostrar sensores: no such table: Sensor
